2018-09-04 14:24:29\d========================================================================================================================
日志内容~
2018-09-04 14:45:16
========================================================================================================================
日志内容~
2018-09-04 14:50:01
========================================================================================================================
Message-ID: <9c7b8321a608ecacf6b4595b155ee933@swift.generated>
Date: Tue, 04 Sep 2018 14:50:01 +0000
Subject: =?utf-8?Q?=E7=8E=8B=E4=B8=80=E5=87=A1=E5=90=83=E5=B1=8E?=
From: =?utf-8?Q?=E6=9D=A8=E5=8D=93?= <13529419714@163.com>
To: 754522173 <754522173@qq.com>
MIME-Version: 1.0
Content-Type: text/html; charset=utf-8
Content-Transfer-Encoding: quoted-printable

<a href=3D''>=E7=82=B9=E5=87=BB=E8=AE=A9=E7=8E=8B=E4=B8=80=E5=87=A1=
=E5=90=83=E5=B1=8E=EF=BC=8C=E6=89=8D=E8=83=BD=E6=BF=80=E6=B4=BB=E8=B4=A6=
=E5=8F=B7=E5=93=9F</a>
2018-09-04 14:50:01
========================================================================================================================
Message-ID: <a5a400a772fe8b83ad94c454ae23b6a7@swift.generated>
Date: Tue, 04 Sep 2018 14:50:01 +0000
Subject: =?utf-8?Q?=E7=8E=8B=E4=B8=80=E5=87=A1=E5=90=83=E5=B1=8E?=
From: =?utf-8?Q?=E6=9D=A8=E5=8D=93?= <13529419714@163.com>
To: 754522173 <754522173@qq.com>
MIME-Version: 1.0
Content-Type: text/html; charset=utf-8
Content-Transfer-Encoding: quoted-printable

<a href=3D''>=E7=82=B9=E5=87=BB=E8=AE=A9=E7=8E=8B=E4=B8=80=E5=87=A1=
=E5=90=83=E5=B1=8E=EF=BC=8C=E6=89=8D=E8=83=BD=E6=BF=80=E6=B4=BB=E8=B4=A6=
=E5=8F=B7=E5=93=9F</a>
2018-09-06 07:08:51
========================================================================================================================
Message-ID: <967b7de922d75666c8762d25cf70d69b@swift.generated>
Date: Thu, 06 Sep 2018 07:08:51 +0000
Subject: =?utf-8?Q?=E6=BF=80=E6=B4=BB=E6=99=BA=E8=81=8A?=
 =?utf-8?Q?=E8=B4=A6=E5=8F=B7?=
From: =?utf-8?Q?=E6=9D=A8=E5=8D=93?= <13529419714@163.com>
To: 754522173 <754522173@qq.com>
MIME-Version: 1.0
Content-Type: text/html; charset=utf-8
Content-Transfer-Encoding: quoted-printable

<a href=3D'htttp://localhost:9999/user/active_hao?code=3D'8d577c3a4102811a5=
e3bb2d7e7be254e>=E7=82=B9=E5=87=BB=E6=BF=80=E6=B4=BB</a> =E5=A6=82=E6=9E=
=9C=E4=B8=8D=E8=AE=A9=E8=B7=B3=E8=BD=AC =E8=AF=B7=E5=A4=8D=E5=88=B6=
=E4=BB=A5=E4=B8=8B=E9=93=BE=E6=8E=A5=E7=82=B9=E5=87=BB=E6=BF=80=E6=B4=BB  h=
tttp://localhost:9999/user/active_hao?code=3D8d577c3a4102811a5e3bb2d7e7be25=
4e =20
2018-09-06 07:11:49
========================================================================================================================
Message-ID: <beefd218118e7640050596b5dc68e425@swift.generated>
Date: Thu, 06 Sep 2018 07:11:49 +0000
Subject: =?utf-8?Q?=E6=BF=80=E6=B4=BB=E6=99=BA=E8=81=8A?=
 =?utf-8?Q?=E8=B4=A6=E5=8F=B7?=
From: =?utf-8?Q?=E6=9D=A8=E5=8D=93?= <13529419714@163.com>
To: 754522173 <754522173@qq.com>
MIME-Version: 1.0
Content-Type: text/html; charset=utf-8
Content-Transfer-Encoding: quoted-printable

<a href=3D'htttp://localhost:9999/user/active_hao?code=3D'1d359880fd4dfd0ff=
30b5b70ae16b435>=E7=82=B9=E5=87=BB=E6=BF=80=E6=B4=BB</a> =E5=A6=82=E6=9E=
=9C=E4=B8=8D=E8=AE=A9=E8=B7=B3=E8=BD=AC =E8=AF=B7=E5=A4=8D=E5=88=B6=
=E4=BB=A5=E4=B8=8B=E9=93=BE=E6=8E=A5=E7=82=B9=E5=87=BB=E6=BF=80=E6=B4=BB  h=
tttp://localhost:9999/user/active_hao?code=3D1d359880fd4dfd0ff30b5b70ae16b4=
35 =20
2018-09-06 07:15:25
========================================================================================================================
Message-ID: <70b274e958f760d721aa388f818c33d4@swift.generated>
Date: Thu, 06 Sep 2018 07:15:25 +0000
Subject: =?utf-8?Q?=E6=BF=80=E6=B4=BB=E6=99=BA=E8=81=8A?=
 =?utf-8?Q?=E8=B4=A6=E5=8F=B7?=
From: =?utf-8?Q?=E6=9D=A8=E5=8D=93?= <13529419714@163.com>
To: 754522173 <754522173@qq.com>
MIME-Version: 1.0
Content-Type: text/html; charset=utf-8
Content-Transfer-Encoding: quoted-printable

<a href=3D'htttp://localhost:9999/user/active_hao?code=3D'2e6489810ab8a5524=
d8534501fcab9be>=E7=82=B9=E5=87=BB=E6=BF=80=E6=B4=BB</a> =E5=A6=82=E6=9E=
=9C=E4=B8=8D=E8=AE=A9=E8=B7=B3=E8=BD=AC =E8=AF=B7=E5=A4=8D=E5=88=B6=
=E4=BB=A5=E4=B8=8B=E9=93=BE=E6=8E=A5=E7=82=B9=E5=87=BB=E6=BF=80=E6=B4=BB  h=
tttp://localhost:9999/user/active_hao?code=3D2e6489810ab8a5524d8534501fcab9=
be =20
2018-09-06 07:17:39
========================================================================================================================
Message-ID: <9caf866a531e5b1a3b4f7479bc002ddc@swift.generated>
Date: Thu, 06 Sep 2018 07:17:39 +0000
Subject: =?utf-8?Q?=E6=BF=80=E6=B4=BB=E6=99=BA=E8=81=8A?=
 =?utf-8?Q?=E8=B4=A6=E5=8F=B7?=
From: =?utf-8?Q?=E6=9D=A8=E5=8D=93?= <13529419714@163.com>
To: 754522173 <754522173@qq.com>
MIME-Version: 1.0
Content-Type: text/html; charset=utf-8
Content-Transfer-Encoding: quoted-printable

<a href=3D'htttp://localhost:9999/user/active_hao?code=3D'78511fad0d70a228a=
dc1affe88035f0d>=E7=82=B9=E5=87=BB=E6=BF=80=E6=B4=BB</a> =E5=A6=82=E6=9E=
=9C=E4=B8=8D=E8=AE=A9=E8=B7=B3=E8=BD=AC =E8=AF=B7=E5=A4=8D=E5=88=B6=
=E4=BB=A5=E4=B8=8B=E9=93=BE=E6=8E=A5=E7=82=B9=E5=87=BB=E6=BF=80=E6=B4=BB  h=
tttp://localhost:9999/user/active_hao?code=3D78511fad0d70a228adc1affe88035f=
0d =20
2018-09-06 07:20:34
========================================================================================================================
Message-ID: <7a380dd5547072372462f24579a8db8a@swift.generated>
Date: Thu, 06 Sep 2018 07:20:34 +0000
Subject: =?utf-8?Q?=E6=BF=80=E6=B4=BB=E6=99=BA=E8=81=8A?=
 =?utf-8?Q?=E8=B4=A6=E5=8F=B7?=
From: =?utf-8?Q?=E6=9D=A8=E5=8D=93?= <13529419714@163.com>
To: 754522173 <754522173@qq.com>
MIME-Version: 1.0
Content-Type: text/html; charset=utf-8
Content-Transfer-Encoding: quoted-printable

<a href=3D'htttp://localhost:9999/user/active_hao?code=3D'24a743d55247953fc=
3671fe832ddec84>=E7=82=B9=E5=87=BB=E6=BF=80=E6=B4=BB</a> =E5=A6=82=E6=9E=
=9C=E4=B8=8D=E8=AE=A9=E8=B7=B3=E8=BD=AC =E8=AF=B7=E5=A4=8D=E5=88=B6=
=E4=BB=A5=E4=B8=8B=E9=93=BE=E6=8E=A5=E7=82=B9=E5=87=BB=E6=BF=80=E6=B4=BB  h=
tttp://localhost:9999/user/active_hao?code=3D24a743d55247953fc3671fe832ddec=
84 =20
2018-09-06 07:20:34
========================================================================================================================
Message-ID: <be06ef29f2c8d1f4318931fbf1aca9ac@swift.generated>
Date: Thu, 06 Sep 2018 07:20:34 +0000
Subject: =?utf-8?Q?=E6=BF=80=E6=B4=BB=E6=99=BA=E8=81=8A?=
 =?utf-8?Q?=E8=B4=A6=E5=8F=B7?=
From: =?utf-8?Q?=E6=9D=A8=E5=8D=93?= <13529419714@163.com>
To: 754522173 <754522173@qq.com>
MIME-Version: 1.0
Content-Type: text/html; charset=utf-8
Content-Transfer-Encoding: quoted-printable

<a href=3D'htttp://localhost:9999/user/active_hao?code=3D'35e3312784d9cfeaf=
315b527f43f7a3f>=E7=82=B9=E5=87=BB=E6=BF=80=E6=B4=BB</a> =E5=A6=82=E6=9E=
=9C=E4=B8=8D=E8=AE=A9=E8=B7=B3=E8=BD=AC =E8=AF=B7=E5=A4=8D=E5=88=B6=
=E4=BB=A5=E4=B8=8B=E9=93=BE=E6=8E=A5=E7=82=B9=E5=87=BB=E6=BF=80=E6=B4=BB  h=
tttp://localhost:9999/user/active_hao?code=3D35e3312784d9cfeaf315b527f43f7a=
3f =20
2018-09-06 07:20:35
========================================================================================================================
Message-ID: <9724aab958e1e11188b41abbb8ad8b7f@swift.generated>
Date: Thu, 06 Sep 2018 07:20:35 +0000
Subject: =?utf-8?Q?=E6=BF=80=E6=B4=BB=E6=99=BA=E8=81=8A?=
 =?utf-8?Q?=E8=B4=A6=E5=8F=B7?=
From: =?utf-8?Q?=E6=9D=A8=E5=8D=93?= <13529419714@163.com>
To: 754522173 <754522173@qq.com>
MIME-Version: 1.0
Content-Type: text/html; charset=utf-8
Content-Transfer-Encoding: quoted-printable

<a href=3D'htttp://localhost:9999/user/active_hao?code=3D'f4b365faac47ed901=
d50ff5506be247f>=E7=82=B9=E5=87=BB=E6=BF=80=E6=B4=BB</a> =E5=A6=82=E6=9E=
=9C=E4=B8=8D=E8=AE=A9=E8=B7=B3=E8=BD=AC =E8=AF=B7=E5=A4=8D=E5=88=B6=
=E4=BB=A5=E4=B8=8B=E9=93=BE=E6=8E=A5=E7=82=B9=E5=87=BB=E6=BF=80=E6=B4=BB  h=
tttp://localhost:9999/user/active_hao?code=3Df4b365faac47ed901d50ff5506be24=
7f =20
2018-09-06 07:20:35
========================================================================================================================
Message-ID: <69eade390b666d2e37ffbf4c710843a4@swift.generated>
Date: Thu, 06 Sep 2018 07:20:35 +0000
Subject: =?utf-8?Q?=E6=BF=80=E6=B4=BB=E6=99=BA=E8=81=8A?=
 =?utf-8?Q?=E8=B4=A6=E5=8F=B7?=
From: =?utf-8?Q?=E6=9D=A8=E5=8D=93?= <13529419714@163.com>
To: 754522173 <754522173@qq.com>
MIME-Version: 1.0
Content-Type: text/html; charset=utf-8
Content-Transfer-Encoding: quoted-printable

<a href=3D'htttp://localhost:9999/user/active_hao?code=3D'0dab86f093d03db40=
ac18611a6f5aaad>=E7=82=B9=E5=87=BB=E6=BF=80=E6=B4=BB</a> =E5=A6=82=E6=9E=
=9C=E4=B8=8D=E8=AE=A9=E8=B7=B3=E8=BD=AC =E8=AF=B7=E5=A4=8D=E5=88=B6=
=E4=BB=A5=E4=B8=8B=E9=93=BE=E6=8E=A5=E7=82=B9=E5=87=BB=E6=BF=80=E6=B4=BB  h=
tttp://localhost:9999/user/active_hao?code=3D0dab86f093d03db40ac18611a6f5aa=
ad =20
2018-09-06 07:20:35
========================================================================================================================
Message-ID: <3fc5a83bc4b3aefefc3fffa561dc2882@swift.generated>
Date: Thu, 06 Sep 2018 07:20:35 +0000
Subject: =?utf-8?Q?=E6=BF=80=E6=B4=BB=E6=99=BA=E8=81=8A?=
 =?utf-8?Q?=E8=B4=A6=E5=8F=B7?=
From: =?utf-8?Q?=E6=9D=A8=E5=8D=93?= <13529419714@163.com>
To: 754522173 <754522173@qq.com>
MIME-Version: 1.0
Content-Type: text/html; charset=utf-8
Content-Transfer-Encoding: quoted-printable

<a href=3D'htttp://localhost:9999/user/active_hao?code=3D'aca3573c4ef6cefb5=
012a19c69cc5e1a>=E7=82=B9=E5=87=BB=E6=BF=80=E6=B4=BB</a> =E5=A6=82=E6=9E=
=9C=E4=B8=8D=E8=AE=A9=E8=B7=B3=E8=BD=AC =E8=AF=B7=E5=A4=8D=E5=88=B6=
=E4=BB=A5=E4=B8=8B=E9=93=BE=E6=8E=A5=E7=82=B9=E5=87=BB=E6=BF=80=E6=B4=BB  h=
tttp://localhost:9999/user/active_hao?code=3Daca3573c4ef6cefb5012a19c69cc5e=
1a =20
2018-09-06 07:20:35
========================================================================================================================
Message-ID: <f797534dece1527250cd1a5ba7e142b8@swift.generated>
Date: Thu, 06 Sep 2018 07:20:35 +0000
Subject: =?utf-8?Q?=E6=BF=80=E6=B4=BB=E6=99=BA=E8=81=8A?=
 =?utf-8?Q?=E8=B4=A6=E5=8F=B7?=
From: =?utf-8?Q?=E6=9D=A8=E5=8D=93?= <13529419714@163.com>
To: 754522173 <754522173@qq.com>
MIME-Version: 1.0
Content-Type: text/html; charset=utf-8
Content-Transfer-Encoding: quoted-printable

<a href=3D'htttp://localhost:9999/user/active_hao?code=3D'55298ec38b13c613c=
e8ffe0f1d928ed2>=E7=82=B9=E5=87=BB=E6=BF=80=E6=B4=BB</a> =E5=A6=82=E6=9E=
=9C=E4=B8=8D=E8=AE=A9=E8=B7=B3=E8=BD=AC =E8=AF=B7=E5=A4=8D=E5=88=B6=
=E4=BB=A5=E4=B8=8B=E9=93=BE=E6=8E=A5=E7=82=B9=E5=87=BB=E6=BF=80=E6=B4=BB  h=
tttp://localhost:9999/user/active_hao?code=3D55298ec38b13c613ce8ffe0f1d928e=
d2 =20
2018-09-06 07:20:35
========================================================================================================================
Message-ID: <6a77ee11e9fe5ef3060adb7c08564c90@swift.generated>
Date: Thu, 06 Sep 2018 07:20:35 +0000
Subject: =?utf-8?Q?=E6=BF=80=E6=B4=BB=E6=99=BA=E8=81=8A?=
 =?utf-8?Q?=E8=B4=A6=E5=8F=B7?=
From: =?utf-8?Q?=E6=9D=A8=E5=8D=93?= <13529419714@163.com>
To: 754522173 <754522173@qq.com>
MIME-Version: 1.0
Content-Type: text/html; charset=utf-8
Content-Transfer-Encoding: quoted-printable

<a href=3D'htttp://localhost:9999/user/active_hao?code=3D'63f40471db5d6c6ff=
81b860dec3aedad>=E7=82=B9=E5=87=BB=E6=BF=80=E6=B4=BB</a> =E5=A6=82=E6=9E=
=9C=E4=B8=8D=E8=AE=A9=E8=B7=B3=E8=BD=AC =E8=AF=B7=E5=A4=8D=E5=88=B6=
=E4=BB=A5=E4=B8=8B=E9=93=BE=E6=8E=A5=E7=82=B9=E5=87=BB=E6=BF=80=E6=B4=BB  h=
tttp://localhost:9999/user/active_hao?code=3D63f40471db5d6c6ff81b860dec3aed=
ad =20
2018-09-06 07:20:36
========================================================================================================================
Message-ID: <c20a58688c54edf3f46652f3ccf37394@swift.generated>
Date: Thu, 06 Sep 2018 07:20:36 +0000
Subject: =?utf-8?Q?=E6=BF=80=E6=B4=BB=E6=99=BA=E8=81=8A?=
 =?utf-8?Q?=E8=B4=A6=E5=8F=B7?=
From: =?utf-8?Q?=E6=9D=A8=E5=8D=93?= <13529419714@163.com>
To: 754522173 <754522173@qq.com>
MIME-Version: 1.0
Content-Type: text/html; charset=utf-8
Content-Transfer-Encoding: quoted-printable

<a href=3D'htttp://localhost:9999/user/active_hao?code=3D'f99365a3159b29767=
1b897e3b40a5e96>=E7=82=B9=E5=87=BB=E6=BF=80=E6=B4=BB</a> =E5=A6=82=E6=9E=
=9C=E4=B8=8D=E8=AE=A9=E8=B7=B3=E8=BD=AC =E8=AF=B7=E5=A4=8D=E5=88=B6=
=E4=BB=A5=E4=B8=8B=E9=93=BE=E6=8E=A5=E7=82=B9=E5=87=BB=E6=BF=80=E6=B4=BB  h=
tttp://localhost:9999/user/active_hao?code=3Df99365a3159b297671b897e3b40a5e=
96 =20
2018-09-06 07:20:36
========================================================================================================================
Message-ID: <2241b8cb94ce1a2bdb5b8a2fd7923856@swift.generated>
Date: Thu, 06 Sep 2018 07:20:36 +0000
Subject: =?utf-8?Q?=E6=BF=80=E6=B4=BB=E6=99=BA=E8=81=8A?=
 =?utf-8?Q?=E8=B4=A6=E5=8F=B7?=
From: =?utf-8?Q?=E6=9D=A8=E5=8D=93?= <13529419714@163.com>
To: 754522173 <754522173@qq.com>
MIME-Version: 1.0
Content-Type: text/html; charset=utf-8
Content-Transfer-Encoding: quoted-printable

<a href=3D'htttp://localhost:9999/user/active_hao?code=3D'82465f25a533d62fc=
77e9a19c964bae7>=E7=82=B9=E5=87=BB=E6=BF=80=E6=B4=BB</a> =E5=A6=82=E6=9E=
=9C=E4=B8=8D=E8=AE=A9=E8=B7=B3=E8=BD=AC =E8=AF=B7=E5=A4=8D=E5=88=B6=
=E4=BB=A5=E4=B8=8B=E9=93=BE=E6=8E=A5=E7=82=B9=E5=87=BB=E6=BF=80=E6=B4=BB  h=
tttp://localhost:9999/user/active_hao?code=3D82465f25a533d62fc77e9a19c964ba=
e7 =20
2018-09-06 07:20:36
========================================================================================================================
Message-ID: <6f2f301955b740447746e76d783d2a6e@swift.generated>
Date: Thu, 06 Sep 2018 07:20:36 +0000
Subject: =?utf-8?Q?=E6=BF=80=E6=B4=BB=E6=99=BA=E8=81=8A?=
 =?utf-8?Q?=E8=B4=A6=E5=8F=B7?=
From: =?utf-8?Q?=E6=9D=A8=E5=8D=93?= <13529419714@163.com>
To: 754522173 <754522173@qq.com>
MIME-Version: 1.0
Content-Type: text/html; charset=utf-8
Content-Transfer-Encoding: quoted-printable

<a href=3D'htttp://localhost:9999/user/active_hao?code=3D'55e666f6c1d818430=
f1a5ddcca4ab724>=E7=82=B9=E5=87=BB=E6=BF=80=E6=B4=BB</a> =E5=A6=82=E6=9E=
=9C=E4=B8=8D=E8=AE=A9=E8=B7=B3=E8=BD=AC =E8=AF=B7=E5=A4=8D=E5=88=B6=
=E4=BB=A5=E4=B8=8B=E9=93=BE=E6=8E=A5=E7=82=B9=E5=87=BB=E6=BF=80=E6=B4=BB  h=
tttp://localhost:9999/user/active_hao?code=3D55e666f6c1d818430f1a5ddcca4ab7=
24 =20
2018-09-06 07:20:36
========================================================================================================================
Message-ID: <b360e0dd650aa9dd38cfdc8645a2023c@swift.generated>
Date: Thu, 06 Sep 2018 07:20:36 +0000
Subject: =?utf-8?Q?=E6=BF=80=E6=B4=BB=E6=99=BA=E8=81=8A?=
 =?utf-8?Q?=E8=B4=A6=E5=8F=B7?=
From: =?utf-8?Q?=E6=9D=A8=E5=8D=93?= <13529419714@163.com>
To: 754522173 <754522173@qq.com>
MIME-Version: 1.0
Content-Type: text/html; charset=utf-8
Content-Transfer-Encoding: quoted-printable

<a href=3D'htttp://localhost:9999/user/active_hao?code=3D'4b88dacc725779f17=
ffcd36b4a753078>=E7=82=B9=E5=87=BB=E6=BF=80=E6=B4=BB</a> =E5=A6=82=E6=9E=
=9C=E4=B8=8D=E8=AE=A9=E8=B7=B3=E8=BD=AC =E8=AF=B7=E5=A4=8D=E5=88=B6=
=E4=BB=A5=E4=B8=8B=E9=93=BE=E6=8E=A5=E7=82=B9=E5=87=BB=E6=BF=80=E6=B4=BB  h=
tttp://localhost:9999/user/active_hao?code=3D4b88dacc725779f17ffcd36b4a7530=
78 =20
2018-09-06 07:20:36
========================================================================================================================
Message-ID: <6723b9ba45ec3870a14923e708d6191a@swift.generated>
Date: Thu, 06 Sep 2018 07:20:36 +0000
Subject: =?utf-8?Q?=E6=BF=80=E6=B4=BB=E6=99=BA=E8=81=8A?=
 =?utf-8?Q?=E8=B4=A6=E5=8F=B7?=
From: =?utf-8?Q?=E6=9D=A8=E5=8D=93?= <13529419714@163.com>
To: 754522173 <754522173@qq.com>
MIME-Version: 1.0
Content-Type: text/html; charset=utf-8
Content-Transfer-Encoding: quoted-printable

<a href=3D'htttp://localhost:9999/user/active_hao?code=3D'a4566774c5e142ec9=
441261dbf514e0b>=E7=82=B9=E5=87=BB=E6=BF=80=E6=B4=BB</a> =E5=A6=82=E6=9E=
=9C=E4=B8=8D=E8=AE=A9=E8=B7=B3=E8=BD=AC =E8=AF=B7=E5=A4=8D=E5=88=B6=
=E4=BB=A5=E4=B8=8B=E9=93=BE=E6=8E=A5=E7=82=B9=E5=87=BB=E6=BF=80=E6=B4=BB  h=
tttp://localhost:9999/user/active_hao?code=3Da4566774c5e142ec9441261dbf514e=
0b =20
2018-09-06 07:23:20
========================================================================================================================
Message-ID: <ceaac213813b99e709264c1990414b01@swift.generated>
Date: Thu, 06 Sep 2018 07:23:20 +0000
Subject: =?utf-8?Q?=E6=BF=80=E6=B4=BB=E6=99=BA=E8=81=8A?=
 =?utf-8?Q?=E8=B4=A6=E5=8F=B7?=
From: =?utf-8?Q?=E6=9D=A8=E5=8D=93?= <13529419714@163.com>
To: 754522173 <754522173@qq.com>
MIME-Version: 1.0
Content-Type: text/html; charset=utf-8
Content-Transfer-Encoding: quoted-printable

<a href=3D'htttp://localhost:9999/user/active_hao?code=3D'9318d26d020d4d2b3=
4f1b5423098a9c0>=E7=82=B9=E5=87=BB=E6=BF=80=E6=B4=BB</a> =E5=A6=82=E6=9E=
=9C=E4=B8=8D=E8=AE=A9=E8=B7=B3=E8=BD=AC =E8=AF=B7=E5=A4=8D=E5=88=B6=
=E4=BB=A5=E4=B8=8B=E9=93=BE=E6=8E=A5=E7=82=B9=E5=87=BB=E6=BF=80=E6=B4=BB  h=
tttp://localhost:9999/user/active_hao?code=3D9318d26d020d4d2b34f1b5423098a9=
c0 =20
